----------------------------------------------------------------------------------------------------
------------------------------------ MegaLinter, by OX Security ------------------------------------
----------------------------------------------------------------------------------------------------
 - Image Creation Date: 2022-10-03T06:14:22Z
 - Image Revision: 88a858e
 - Image Version: v6
----------------------------------------------------------------------------------------------------
The MegaLinter documentation can be found at:
 - https://oxsecurity.github.io/megalinter/latest
----------------------------------------------------------------------------------------------------
::group::MegaLinter initialization (expand for details)
GITHUB_REPOSITORY: norwd/pword
GITHUB_REF: refs/pull/14/merge
GITHUB_RUN_ID: 3202084110


[Activation] EDITORCONFIG_EDITORCONFIG_CHECKER has been set inactive, as none of these files has been found: ['.editorconfig']
[Activation] JAVASCRIPT_ES has been set inactive, as none of these files has been found: ['.eslintrc.json', '.eslintrc.yml', '.eslintrc.yaml', '.eslintrc.js', '.eslintrc.cjs', 'package.json:eslintConfig']
[Activation] JSX_ESLINT has been set inactive, as none of these files has been found: ['.eslintrc.json', '.eslintrc.yml', '.eslintrc.yaml', '.eslintrc.js', '.eslintrc.cjs', 'package.json:eslintConfig']
[Activation] REPOSITORY_GOODCHECK has been set inactive, as none of these files has been found: ['goodcheck.yml']
[SemgrepLinter] Deactivated because no ruleset has been defined
[Activation] SPELL_PROSELINT has been set inactive, as none of these files has been found: ['.proselintrc', 'proselint/config.json']
[Activation] SQL_SQLFLUFF has been set inactive, as none of these files has been found: ['.sqlfluff']
[Activation] SWIFT_SWIFTLINT has been set inactive, as none of these files has been found: ['.swiftlint.yml']
[Activation] TSX_ESLINT has been set inactive, as none of these files has been found: ['.eslintrc.json', '.eslintrc.yml', '.eslintrc.yaml', '.eslintrc.js', '.eslintrc.cjs', 'package.json:eslintConfig']
[Activation] TYPESCRIPT_ES has been set inactive, as none of these files has been found: ['.eslintrc.json', '.eslintrc.yml', '.eslintrc.yaml', '.eslintrc.js', '.eslintrc.cjs', 'package.json:eslintConfig']
MARKDOWN_REMARK_LINT has been temporary disabled in MegaLinter, please use a previous MegaLinter version or wait for the next one !
Skipped linters: ANSIBLE_ANSIBLE_LINT, EDITORCONFIG_EDITORCONFIG_CHECKER, JAVASCRIPT_ES, JAVASCRIPT_PRETTIER, JSX_ESLINT, KUBERNETES_KUBECONFORM, KUBERNETES_KUBEVAL, MARKDOWN_REMARK_LINT, REPOSITORY_GOODCHECK, REPOSITORY_SEMGREP, SALESFORCE_SFDX_SCANNER_APEX, SALESFORCE_SFDX_SCANNER_AURA, SALESFORCE_SFDX_SCANNER_LWC, SPELL_PROSELINT, SQL_SQLFLUFF, SWIFT_SWIFTLINT, TSX_ESLINT, TYPESCRIPT_ES, TYPESCRIPT_PRETTIER
To receive reports as email, please set variable EMAIL_REPORTER_EMAIL
::endgroup::
::group::MegaLinter now collects the files to analyse (expand for details)
Listing updated files in [/github/workspace] using git diff.
Modified files:
.github/cspell.json
.github/workflows/lint.yml
.github/workflows/mega-linter.yml
- File extensions: , .R, .RMD, .Rmd, .bash, .bicep, .c, .c++, .cc, .cdxml, .clj, .cljc, .cljs, .coffee, .cpp, .cs, .css, .cu, .cuh, .cxx, .dart, .dash, .edn, .env, .feature, .go, .gradle, .graphql, .groovy, .gvy, .h, .h++, .hcl, .hh, .hpp, .htm, .html, .hxx, .java, .js, .json, .json5, .jsonc, .ksh, .kt, .kts, .lua, .md, .nf, .p6, .php, .pl, .pl6, .pm, .pm6, .pp, .proto, .ps1, .ps1xml, .psd1, .psm1, .psrc, .pssc, .py, .r, .raku, .rakumod, .rakutest, .rb, .rs, .rst, .saas, .scala, .scss, .sh, .smk, .sql, .t, .tex, .tf, .ts, .vb, .xml, .yaml, .yml
- File names (regex): Dockerfile, Jenkinsfile, Makefile, Snakefile
- Excluding .gitignored files [0]: 
Kept [3] files on [3] found files

+----MATCHING LINTERS--------------+---------------------+----------------+------------+
| Descriptor | Linter              | Criteria            | Matching files | Format/Fix |
+------------+---------------------+---------------------+----------------+------------+
| ACTION     | actionlint          | .yml|.yaml          | 2              | no         |
| COPYPASTE  | jscpd               |                     | project        | no         |
| JSON       | jsonlint            | .json               | 1              | no         |
| JSON       | eslint-plugin-jsonc | .json|.json5|.jsonc | 1              | yes        |
| JSON       | v8r                 | .json               | 1              | no         |
| JSON       | prettier            | .json               | 1              | yes        |
| REPOSITORY | checkov             |                     | project        | no         |
| REPOSITORY | devskim             |                     | project        | no         |
| REPOSITORY | dustilock           |                     | project        | no         |
| REPOSITORY | git_diff            |                     | project        | no         |
| REPOSITORY | gitleaks            |                     | project        | no         |
| REPOSITORY | secretlint          |                     | project        | no         |
| REPOSITORY | syft                |                     | project        | no         |
| REPOSITORY | trivy               |                     | project        | no         |
| SPELL      | misspell            |                     | 3              | yes        |
| SPELL      | cspell              |                     | 3              | no         |
| YAML       | prettier            | .yml|.yaml          | 2              | yes        |
| YAML       | yamllint            | .yml|.yaml          | 2              | no         |
| YAML       | v8r                 | .yml|.yaml          | 2              | no         |
+------------+---------------------+---------------------+----------------+------------+
::endgroup::
::group::[32m✅ Linted [SPELL] files with [misspell] successfully - (0.05s)[0m (expand for details)
- Using [misspell v0.3.4] https://oxsecurity.github.io/megalinter/latest/descriptors/spell_misspell
- MegaLinter key: [SPELL_MISSPELL]
- Rules config: identified by [misspell]
- Number of files analyzed: [3]
::endgroup::
::group::[32m✅ Linted [YAML] files with [prettier] successfully - (0.62s)[0m (expand for details)
- Using [prettier v2.7.1] https://oxsecurity.github.io/megalinter/latest/descriptors/yaml_prettier
- MegaLinter key: [YAML_PRETTIER]
- Rules config: identified by [prettier]
- Number of files analyzed: [2]
::endgroup::
::group::[32m✅ Linted [COPYPASTE] files with [jscpd] successfully - (0.85s)[0m (expand for details)
- Using [jscpd v3.3.26] https://oxsecurity.github.io/megalinter/latest/descriptors/copypaste_jscpd
- MegaLinter key: [COPYPASTE_JSCPD]
- Rules config: [.jscpd.json]
::endgroup::
::group::[32m✅ Linted [JSON] files with [eslint-plugin-jsonc] successfully - (1.16s)[0m (expand for details)
- Using [eslint-plugin-jsonc v2.4.0] https://oxsecurity.github.io/megalinter/latest/descriptors/json_eslint_plugin_jsonc
- MegaLinter key: [JSON_ESLINT_PLUGIN_JSONC]
- Rules config: [.eslintrc-json.json]
- Number of files analyzed: [1]
::endgroup::
::group::[32m✅ Linted [JSON] files with [prettier] successfully - (0.42s)[0m (expand for details)
- Using [prettier v2.7.1] https://oxsecurity.github.io/megalinter/latest/descriptors/json_prettier
- MegaLinter key: [JSON_PRETTIER]
- Rules config: identified by [prettier]
- Number of files analyzed: [1]
::endgroup::
::group::[32m✅ Linted [JSON] files with [v8r] successfully - (2.86s)[0m (expand for details)
- Using [v8r v0.13.0] https://oxsecurity.github.io/megalinter/latest/descriptors/json_v8r
- MegaLinter key: [JSON_V8R]
- Rules config: identified by [v8r]
- Number of files analyzed: [1]
::endgroup::
::group::[32m✅ Linted [REPOSITORY] files with [devskim] successfully - (0.57s)[0m (expand for details)
- Using [devskim v0.6.9] https://oxsecurity.github.io/megalinter/latest/descriptors/repository_devskim
- MegaLinter key: [REPOSITORY_DEVSKIM]
- Rules config: identified by [devskim]
::endgroup::
::group::[32m✅ Linted [REPOSITORY] files with [gitleaks] successfully - (0.16s)[0m (expand for details)
- Using [gitleaks v8.13.0] https://oxsecurity.github.io/megalinter/latest/descriptors/repository_gitleaks
- MegaLinter key: [REPOSITORY_GITLEAKS]
- Rules config: [.gitleaks.toml]
::endgroup::
::group::[32m✅ Linted [YAML] files with [v8r] successfully - (2.06s)[0m (expand for details)
- Using [v8r v0.13.0] https://oxsecurity.github.io/megalinter/latest/descriptors/yaml_v8r
- MegaLinter key: [YAML_V8R]
- Rules config: identified by [v8r]
- Number of files analyzed: [2]
::endgroup::
::group::[32m✅ Linted [REPOSITORY] files with [trivy] successfully - (3.33s)[0m (expand for details)
- Using [trivy v0.29.2] https://oxsecurity.github.io/megalinter/latest/descriptors/repository_trivy
- MegaLinter key: [REPOSITORY_TRIVY]
- Rules config: identified by [trivy]
::endgroup::
::group::[33m✅ Linted [ACTION] files with [actionlint]: Found 2 non blocking error(s) - (0.02s)[0m (expand for details)
- Using [actionlint v1.6.16] https://oxsecurity.github.io/megalinter/latest/descriptors/action_actionlint
- MegaLinter key: [ACTION_ACTIONLINT]
- Rules config: identified by [actionlint]
- Number of files analyzed: [2]
--Error detail:
.github/workflows/lint.yml:3:1: unexpected key "run-name" for "workflow" section. expected one of "concurrency", "defaults", "env", "jobs", "name", "on", "permissions" [syntax-check]
  |
3 | run-name: "Linters started by @${{ github.actor }}"
  | ^~~~~~~~~
.github/workflows/mega-linter.yml:5:1: unexpected key "run-name" for "workflow" section. expected one of "concurrency", "defaults", "env", "jobs", "name", "on", "permissions" [syntax-check]
  |
5 | run-name: "MegaLinter started by @${{ github.actor }}"
  | ^~~~~~~~~

::endgroup::
::group::[32m✅ Linted [JSON] files with [jsonlint] successfully - (0.21s)[0m (expand for details)
- Using [jsonlint v11.7.0] https://oxsecurity.github.io/megalinter/latest/descriptors/json_jsonlint
- MegaLinter key: [JSON_JSONLINT]
- Rules config: identified by [jsonlint]
- Number of files analyzed: [1]
::endgroup::
::group::[32m✅ Linted [REPOSITORY] files with [dustilock] successfully - (0.0s)[0m (expand for details)
- Using [dustilock v0.0.0] https://oxsecurity.github.io/megalinter/latest/descriptors/repository_dustilock
- MegaLinter key: [REPOSITORY_DUSTILOCK]
- Rules config: identified by [dustilock]
::endgroup::
::group::[32m✅ Linted [REPOSITORY] files with [secretlint] successfully - (0.71s)[0m (expand for details)
- Using [secretlint v5.2.4] https://oxsecurity.github.io/megalinter/latest/descriptors/repository_secretlint
- MegaLinter key: [REPOSITORY_SECRETLINT]
- Rules config: [.secretlintrc.json]
- Ignore file: [.secretlintignore]
::endgroup::
::group::[32m✅ Linted [REPOSITORY] files with [syft] successfully - (0.37s)[0m (expand for details)
- Using [syft v0.58.0] https://oxsecurity.github.io/megalinter/latest/descriptors/repository_syft
- MegaLinter key: [REPOSITORY_SYFT]
- Rules config: identified by [syft]
::endgroup::
::group::[32m✅ Linted [REPOSITORY] files with [checkov] successfully - (6.95s)[0m (expand for details)
- Using [checkov v2.1.244] https://oxsecurity.github.io/megalinter/latest/descriptors/repository_checkov
- MegaLinter key: [REPOSITORY_CHECKOV]
- Rules config: [.checkov.yml]
::endgroup::
::group::[32m✅ Linted [YAML] files with [yamllint] successfully - (0.26s)[0m (expand for details)
- Using [yamllint v1.28.0] https://oxsecurity.github.io/megalinter/latest/descriptors/yaml_yamllint
- MegaLinter key: [YAML_YAMLLINT]
- Rules config: [.yamllint.yml]
- Number of files analyzed: [2]
::endgroup::
::group::[32m✅ Linted [REPOSITORY] files with [git_diff] successfully - (0.01s)[0m (expand for details)
- Using [git_diff v2.34.4] https://oxsecurity.github.io/megalinter/latest/descriptors/repository_git_diff
- MegaLinter key: [REPOSITORY_GIT_DIFF]
- Rules config: identified by [git_diff]
::endgroup::
::group::[32m✅ Linted [SPELL] files with [cspell] successfully - (1.67s)[0m (expand for details)
- Using [cspell v6.12.0] https://oxsecurity.github.io/megalinter/latest/descriptors/spell_cspell
- MegaLinter key: [SPELL_CSPELL]
- Rules config: [/github/workspace/.github/cspell.json]
- Number of files analyzed: [3]
::endgroup::

+----SUMMARY----+---------------------+---------------+-------+-------+--------+--------------+
| Descriptor    | Linter              | Mode          | Files | Fixed | Errors | Elapsed time |
+---------------+---------------------+---------------+-------+-------+--------+--------------+
| ◬ ACTION      | actionlint          | list_of_files |     2 |       |      2 |        0.02s |
| ✅ COPYPASTE  | jscpd               | project       |   n/a |       |      0 |        0.85s |
| ✅ JSON       | eslint-plugin-jsonc | list_of_files |     1 |     0 |      0 |        1.16s |
| ✅ JSON       | jsonlint            | list_of_files |     1 |       |      0 |        0.21s |
| ✅ JSON       | prettier            | list_of_files |     1 |     1 |      0 |        0.42s |
| ✅ JSON       | v8r                 | list_of_files |     1 |       |      0 |        2.86s |
| ✅ REPOSITORY | checkov             | project       |   n/a |       |      0 |        6.95s |
| ✅ REPOSITORY | devskim             | project       |   n/a |       |      0 |        0.57s |
| ✅ REPOSITORY | dustilock           | project       |   n/a |       |      0 |         0.0s |
| ✅ REPOSITORY | gitleaks            | project       |   n/a |       |      0 |        0.16s |
| ✅ REPOSITORY | git_diff            | project       |   n/a |       |      0 |        0.01s |
| ✅ REPOSITORY | secretlint          | project       |   n/a |       |      0 |        0.71s |
| ✅ REPOSITORY | syft                | project       |   n/a |       |      0 |        0.37s |
| ✅ REPOSITORY | trivy               | project       |   n/a |       |      0 |        3.33s |
| ✅ SPELL      | cspell              | list_of_files |     3 |       |      0 |        1.67s |
| ✅ SPELL      | misspell            | list_of_files |     3 |     0 |      0 |        0.05s |
| ✅ YAML       | prettier            | list_of_files |     2 |     2 |      0 |        0.62s |
| ✅ YAML       | v8r                 | list_of_files |     2 |       |      0 |        2.06s |
| ✅ YAML       | yamllint            | list_of_files |     2 |       |      0 |        0.26s |
+---------------+---------------------+---------------+-------+-------+--------+--------------+

[GitHub Comment Reporter] Posted summary as comment on norwd/pword #PR14
[Updated Sources Reporter] copied 3 fixed source files in folder /github/workspace/megalinter-reports/updated_sources.
Download it from artifacts then copy-paste it in your local repo to apply linters updates
[33m◬ Successfully linted all files, but with ignored errors[0m
